2025-03-16T14:42:06.549+01:00  INFO 5984 --- [demo] [main] com.wannabeWhatsapp.demo.Main            : Starting Main using Java 22.0.1 with PID 5984 (C:\Users\mFaltermeier\Desktop\mf\WannabeWhatsapp\demo\target\classes started by mFaltermeier in C:\Users\mFaltermeier\Desktop\mf\WannabeWhatsapp)
2025-03-16T14:42:06.552+01:00  INFO 5984 --- [demo] [main] com.wannabeWhatsapp.demo.Main            : No active profile set, falling back to 1 default profile: "default"
2025-03-16T14:42:07.851+01:00  INFO 5984 --- [demo] [main] .s.d.r.c.RepositoryConfigurationDelegate : Bootstrapping Spring Data JPA repositories in DEFAULT mode.
2025-03-16T14:42:07.932+01:00  INFO 5984 --- [demo] [main] .s.d.r.c.RepositoryConfigurationDelegate : Finished Spring Data repository scanning in 69 ms. Found 4 JPA repository interfaces.
2025-03-16T14:42:08.748+01:00  INFO 5984 --- [demo] [main] o.s.b.w.embedded.tomcat.TomcatWebServer  : Tomcat initialized with port 9090 (http)
2025-03-16T14:42:08.765+01:00  INFO 5984 --- [demo] [main] o.apache.catalina.core.StandardService   : Starting service [Tomcat]
2025-03-16T14:42:08.765+01:00  INFO 5984 --- [demo] [main] o.apache.catalina.core.StandardEngine    : Starting Servlet engine: [Apache Tomcat/10.1.36]
2025-03-16T14:42:08.819+01:00  INFO 5984 --- [demo] [main] o.a.c.c.C.[Tomcat].[localhost].[/]       : Initializing Spring embedded WebApplicationContext
2025-03-16T14:42:08.820+01:00  INFO 5984 --- [demo] [main] w.s.c.ServletWebServerApplicationContext : Root WebApplicationContext: initialization completed in 2197 ms
2025-03-16T14:42:09.183+01:00  INFO 5984 --- [demo] [main] o.hibernate.jpa.internal.util.LogHelper  : HHH000204: Processing PersistenceUnitInfo [name: default]
2025-03-16T14:42:09.272+01:00  INFO 5984 --- [demo] [main] org.hibernate.Version                    : HHH000412: Hibernate ORM core version 6.6.8.Final
2025-03-16T14:42:09.322+01:00  INFO 5984 --- [demo] [main] o.h.c.internal.RegionFactoryInitiator    : HHH000026: Second-level cache disabled
2025-03-16T14:42:09.733+01:00  INFO 5984 --- [demo] [main] o.s.o.j.p.SpringPersistenceUnitInfo      : No LoadTimeWeaver setup: ignoring JPA class transformer
2025-03-16T14:42:09.781+01:00  INFO 5984 --- [demo] [main] com.zaxxer.hikari.HikariDataSource       : HikariPool-1 - Starting...
2025-03-16T14:42:09.940+01:00  INFO 5984 --- [demo] [main] com.zaxxer.hikari.pool.HikariPool        : HikariPool-1 - Added connection org.postgresql.jdbc.PgConnection@5b5b8730
2025-03-16T14:42:09.942+01:00  INFO 5984 --- [demo] [main] com.zaxxer.hikari.HikariDataSource       : HikariPool-1 - Start completed.
2025-03-16T14:42:09.995+01:00  WARN 5984 --- [demo] [main] org.hibernate.orm.deprecation            : HHH90000025: PostgreSQLDialect does not need to be specified explicitly using 'hibernate.dialect' (remove the property setting and it will be selected by default)
2025-03-16T14:42:10.016+01:00  INFO 5984 --- [demo] [main] org.hibernate.orm.connections.pooling    : HHH10001005: Database info:
	Database JDBC URL [Connecting through datasource 'HikariDataSource (HikariPool-1)']
	Database driver: undefined/unknown
	Database version: 12.16
	Autocommit mode: undefined/unknown
	Isolation level: undefined/unknown
	Minimum pool size: undefined/unknown
	Maximum pool size: undefined/unknown
2025-03-16T14:42:11.288+01:00  INFO 5984 --- [demo] [main] o.h.e.t.j.p.i.JtaPlatformInitiator       : HHH000489: No JTA platform available (set 'hibernate.transaction.jta.platform' to enable JTA platform integration)
2025-03-16T14:42:11.654+01:00  INFO 5984 --- [demo] [main] j.LocalContainerEntityManagerFactoryBean : Initialized JPA EntityManagerFactory for persistence unit 'default'
2025-03-16T14:42:12.136+01:00  WARN 5984 --- [demo] [main] JpaBaseConfiguration$JpaWebConfiguration : spring.jpa.open-in-view is enabled by default. Therefore, database queries may be performed during view rendering. Explicitly configure spring.jpa.open-in-view to disable this warning
2025-03-16T14:42:12.375+01:00  WARN 5984 --- [demo] [main] ConfigServletWebServerApplicationContext : Exception encountered during context initialization - cancelling refresh attempt: org.springframework.beans.factory.BeanCreationException: Error creating bean with name 'requestMappingHandlerMapping' defined in class path resource [org/springframework/boot/autoconfigure/web/servlet/WebMvcAutoConfiguration$EnableWebMvcConfiguration.class]: Invalid mapping on handler class [com.wannabeWhatsapp.demo.controller.SubscriptionController]: public void com.wannabeWhatsapp.demo.controller.SubscriptionController.deleteSubscription(long)
2025-03-16T14:42:12.376+01:00  INFO 5984 --- [demo] [main] j.LocalContainerEntityManagerFactoryBean : Closing JPA EntityManagerFactory for persistence unit 'default'
2025-03-16T14:42:12.382+01:00  INFO 5984 --- [demo] [main] com.zaxxer.hikari.HikariDataSource       : HikariPool-1 - Shutdown initiated...
2025-03-16T14:42:12.396+01:00  INFO 5984 --- [demo] [main] com.zaxxer.hikari.HikariDataSource       : HikariPool-1 - Shutdown completed.
2025-03-16T14:42:12.408+01:00  INFO 5984 --- [demo] [main] o.apache.catalina.core.StandardService   : Stopping service [Tomcat]
2025-03-16T14:42:12.449+01:00  INFO 5984 --- [demo] [main] .s.b.a.l.ConditionEvaluationReportLogger : 

Error starting ApplicationContext. To display the condition evaluation report re-run your application with 'debug' enabled.
2025-03-16T14:42:12.501+01:00 ERROR 5984 --- [demo] [main] o.s.b.d.LoggingFailureAnalysisReporter   : 

***************************
APPLICATION FAILED TO START
***************************

Description:

Invalid mapping pattern detected:
/{/id}
  ^
Expected close capture character after variable name }

Action:

Fix this pattern in your application or switch to the legacy parser implementation with 'spring.mvc.pathmatch.matching-strategy=ant_path_matcher'.

2025-03-16T15:38:59.706+01:00  INFO 22588 --- [demo] [main] com.wannabeWhatsapp.demo.Main            : Starting Main using Java 22.0.1 with PID 22588 (C:\Users\mFaltermeier\Desktop\mf\WannabeWhatsapp\demo\target\classes started by mFaltermeier in C:\Users\mFaltermeier\Desktop\mf\WannabeWhatsapp)
2025-03-16T15:38:59.709+01:00  INFO 22588 --- [demo] [main] com.wannabeWhatsapp.demo.Main            : No active profile set, falling back to 1 default profile: "default"
2025-03-16T15:39:00.779+01:00  INFO 22588 --- [demo] [main] .s.d.r.c.RepositoryConfigurationDelegate : Bootstrapping Spring Data JPA repositories in DEFAULT mode.
2025-03-16T15:39:00.847+01:00  INFO 22588 --- [demo] [main] .s.d.r.c.RepositoryConfigurationDelegate : Finished Spring Data repository scanning in 59 ms. Found 4 JPA repository interfaces.
2025-03-16T15:39:01.512+01:00  INFO 22588 --- [demo] [main] o.s.b.w.embedded.tomcat.TomcatWebServer  : Tomcat initialized with port 9090 (http)
2025-03-16T15:39:01.526+01:00  INFO 22588 --- [demo] [main] o.apache.catalina.core.StandardService   : Starting service [Tomcat]
2025-03-16T15:39:01.527+01:00  INFO 22588 --- [demo] [main] o.apache.catalina.core.StandardEngine    : Starting Servlet engine: [Apache Tomcat/10.1.36]
2025-03-16T15:39:01.575+01:00  INFO 22588 --- [demo] [main] o.a.c.c.C.[Tomcat].[localhost].[/]       : Initializing Spring embedded WebApplicationContext
2025-03-16T15:39:01.575+01:00  INFO 22588 --- [demo] [main] w.s.c.ServletWebServerApplicationContext : Root WebApplicationContext: initialization completed in 1814 ms
2025-03-16T15:39:01.873+01:00  INFO 22588 --- [demo] [main] o.hibernate.jpa.internal.util.LogHelper  : HHH000204: Processing PersistenceUnitInfo [name: default]
2025-03-16T15:39:01.929+01:00  INFO 22588 --- [demo] [main] org.hibernate.Version                    : HHH000412: Hibernate ORM core version 6.6.8.Final
2025-03-16T15:39:01.961+01:00  INFO 22588 --- [demo] [main] o.h.c.internal.RegionFactoryInitiator    : HHH000026: Second-level cache disabled
2025-03-16T15:39:02.223+01:00  INFO 22588 --- [demo] [main] o.s.o.j.p.SpringPersistenceUnitInfo      : No LoadTimeWeaver setup: ignoring JPA class transformer
2025-03-16T15:39:02.253+01:00  INFO 22588 --- [demo] [main] com.zaxxer.hikari.HikariDataSource       : HikariPool-1 - Starting...
2025-03-16T15:39:02.395+01:00  INFO 22588 --- [demo] [main] com.zaxxer.hikari.pool.HikariPool        : HikariPool-1 - Added connection org.postgresql.jdbc.PgConnection@772f3a3f
2025-03-16T15:39:02.397+01:00  INFO 22588 --- [demo] [main] com.zaxxer.hikari.HikariDataSource       : HikariPool-1 - Start completed.
2025-03-16T15:39:02.429+01:00  WARN 22588 --- [demo] [main] org.hibernate.orm.deprecation            : HHH90000025: PostgreSQLDialect does not need to be specified explicitly using 'hibernate.dialect' (remove the property setting and it will be selected by default)
2025-03-16T15:39:02.447+01:00  INFO 22588 --- [demo] [main] org.hibernate.orm.connections.pooling    : HHH10001005: Database info:
	Database JDBC URL [Connecting through datasource 'HikariDataSource (HikariPool-1)']
	Database driver: undefined/unknown
	Database version: 12.16
	Autocommit mode: undefined/unknown
	Isolation level: undefined/unknown
	Minimum pool size: undefined/unknown
	Maximum pool size: undefined/unknown
2025-03-16T15:39:03.335+01:00  INFO 22588 --- [demo] [main] o.h.e.t.j.p.i.JtaPlatformInitiator       : HHH000489: No JTA platform available (set 'hibernate.transaction.jta.platform' to enable JTA platform integration)
2025-03-16T15:39:03.711+01:00  INFO 22588 --- [demo] [main] j.LocalContainerEntityManagerFactoryBean : Initialized JPA EntityManagerFactory for persistence unit 'default'
2025-03-16T15:39:04.064+01:00  WARN 22588 --- [demo] [main] JpaBaseConfiguration$JpaWebConfiguration : spring.jpa.open-in-view is enabled by default. Therefore, database queries may be performed during view rendering. Explicitly configure spring.jpa.open-in-view to disable this warning
2025-03-16T15:39:04.883+01:00  INFO 22588 --- [demo] [main] o.s.b.a.e.web.EndpointLinksResolver      : Exposing 1 endpoint beneath base path '/actuator'
2025-03-16T15:39:04.975+01:00  INFO 22588 --- [demo] [main] o.s.b.w.embedded.tomcat.TomcatWebServer  : Tomcat started on port 9090 (http) with context path '/'
2025-03-16T15:39:04.988+01:00  INFO 22588 --- [demo] [main] com.wannabeWhatsapp.demo.Main            : Started Main in 5.885 seconds (process running for 6.714)
2025-03-16T15:39:05.310+01:00  INFO 22588 --- [demo] [RMI TCP Connection(4)-10.0.1.184] o.a.c.c.C.[Tomcat].[localhost].[/]       : Initializing Spring DispatcherServlet 'dispatcherServlet'
2025-03-16T15:39:05.310+01:00  INFO 22588 --- [demo] [RMI TCP Connection(4)-10.0.1.184] o.s.web.servlet.DispatcherServlet        : Initializing Servlet 'dispatcherServlet'
2025-03-16T15:39:05.312+01:00  INFO 22588 --- [demo] [RMI TCP Connection(4)-10.0.1.184] o.s.web.servlet.DispatcherServlet        : Completed initialization in 2 ms
2025-03-16T17:26:52.346+01:00  INFO 22588 --- [demo] [SpringApplicationShutdownHook] o.s.b.w.e.tomcat.GracefulShutdown        : Commencing graceful shutdown. Waiting for active requests to complete
2025-03-16T17:26:52.368+01:00  INFO 22588 --- [demo] [tomcat-shutdown] o.s.b.w.e.tomcat.GracefulShutdown        : Graceful shutdown complete
2025-03-16T17:26:52.387+01:00  INFO 22588 --- [demo] [SpringApplicationShutdownHook] j.LocalContainerEntityManagerFactoryBean : Closing JPA EntityManagerFactory for persistence unit 'default'
2025-03-16T17:26:52.406+01:00  INFO 22588 --- [demo] [SpringApplicationShutdownHook] com.zaxxer.hikari.HikariDataSource       : HikariPool-1 - Shutdown initiated...
2025-03-16T17:26:52.411+01:00  INFO 22588 --- [demo] [SpringApplicationShutdownHook] com.zaxxer.hikari.HikariDataSource       : HikariPool-1 - Shutdown completed.
2025-03-16T17:27:06.795+01:00  INFO 16244 --- [demo] [main] com.wannabeWhatsapp.demo.Main            : Starting Main using Java 22.0.1 with PID 16244 (C:\Users\mFaltermeier\Desktop\mf\WannabeWhatsapp\demo\target\classes started by mFaltermeier in C:\Users\mFaltermeier\Desktop\mf\WannabeWhatsapp)
2025-03-16T17:27:06.798+01:00  INFO 16244 --- [demo] [main] com.wannabeWhatsapp.demo.Main            : No active profile set, falling back to 1 default profile: "default"
2025-03-16T17:27:08.263+01:00  INFO 16244 --- [demo] [main] .s.d.r.c.RepositoryConfigurationDelegate : Bootstrapping Spring Data JPA repositories in DEFAULT mode.
2025-03-16T17:27:08.342+01:00  INFO 16244 --- [demo] [main] .s.d.r.c.RepositoryConfigurationDelegate : Finished Spring Data repository scanning in 68 ms. Found 4 JPA repository interfaces.
2025-03-16T17:27:09.100+01:00  INFO 16244 --- [demo] [main] o.s.b.w.embedded.tomcat.TomcatWebServer  : Tomcat initialized with port 9090 (http)
2025-03-16T17:27:09.122+01:00  INFO 16244 --- [demo] [main] o.apache.catalina.core.StandardService   : Starting service [Tomcat]
2025-03-16T17:27:09.122+01:00  INFO 16244 --- [demo] [main] o.apache.catalina.core.StandardEngine    : Starting Servlet engine: [Apache Tomcat/10.1.36]
2025-03-16T17:27:09.179+01:00  INFO 16244 --- [demo] [main] o.a.c.c.C.[Tomcat].[localhost].[/]       : Initializing Spring embedded WebApplicationContext
2025-03-16T17:27:09.179+01:00  INFO 16244 --- [demo] [main] w.s.c.ServletWebServerApplicationContext : Root WebApplicationContext: initialization completed in 2317 ms
2025-03-16T17:27:09.534+01:00  INFO 16244 --- [demo] [main] o.hibernate.jpa.internal.util.LogHelper  : HHH000204: Processing PersistenceUnitInfo [name: default]
2025-03-16T17:27:09.618+01:00  INFO 16244 --- [demo] [main] org.hibernate.Version                    : HHH000412: Hibernate ORM core version 6.6.8.Final
2025-03-16T17:27:09.657+01:00  INFO 16244 --- [demo] [main] o.h.c.internal.RegionFactoryInitiator    : HHH000026: Second-level cache disabled
2025-03-16T17:27:09.970+01:00  INFO 16244 --- [demo] [main] o.s.o.j.p.SpringPersistenceUnitInfo      : No LoadTimeWeaver setup: ignoring JPA class transformer
2025-03-16T17:27:10.012+01:00  INFO 16244 --- [demo] [main] com.zaxxer.hikari.HikariDataSource       : HikariPool-1 - Starting...
2025-03-16T17:27:10.193+01:00  INFO 16244 --- [demo] [main] com.zaxxer.hikari.pool.HikariPool        : HikariPool-1 - Added connection org.postgresql.jdbc.PgConnection@63d3c9dc
2025-03-16T17:27:10.195+01:00  INFO 16244 --- [demo] [main] com.zaxxer.hikari.HikariDataSource       : HikariPool-1 - Start completed.
2025-03-16T17:27:10.230+01:00  WARN 16244 --- [demo] [main] org.hibernate.orm.deprecation            : HHH90000025: PostgreSQLDialect does not need to be specified explicitly using 'hibernate.dialect' (remove the property setting and it will be selected by default)
2025-03-16T17:27:10.249+01:00  INFO 16244 --- [demo] [main] org.hibernate.orm.connections.pooling    : HHH10001005: Database info:
	Database JDBC URL [Connecting through datasource 'HikariDataSource (HikariPool-1)']
	Database driver: undefined/unknown
	Database version: 12.16
	Autocommit mode: undefined/unknown
	Isolation level: undefined/unknown
	Minimum pool size: undefined/unknown
	Maximum pool size: undefined/unknown
2025-03-16T17:27:11.350+01:00  INFO 16244 --- [demo] [main] o.h.e.t.j.p.i.JtaPlatformInitiator       : HHH000489: No JTA platform available (set 'hibernate.transaction.jta.platform' to enable JTA platform integration)
2025-03-16T17:27:11.899+01:00  INFO 16244 --- [demo] [main] j.LocalContainerEntityManagerFactoryBean : Initialized JPA EntityManagerFactory for persistence unit 'default'
2025-03-16T17:27:12.573+01:00  WARN 16244 --- [demo] [main] JpaBaseConfiguration$JpaWebConfiguration : spring.jpa.open-in-view is enabled by default. Therefore, database queries may be performed during view rendering. Explicitly configure spring.jpa.open-in-view to disable this warning
2025-03-16T17:27:13.828+01:00  INFO 16244 --- [demo] [main] o.s.b.a.e.web.EndpointLinksResolver      : Exposing 1 endpoint beneath base path '/actuator'
2025-03-16T17:27:13.945+01:00  INFO 16244 --- [demo] [main] o.s.b.w.embedded.tomcat.TomcatWebServer  : Tomcat started on port 9090 (http) with context path '/'
2025-03-16T17:27:13.963+01:00  INFO 16244 --- [demo] [main] com.wannabeWhatsapp.demo.Main            : Started Main in 7.828 seconds (process running for 8.97)
2025-03-16T17:27:14.380+01:00  INFO 16244 --- [demo] [RMI TCP Connection(3)-10.0.1.184] o.a.c.c.C.[Tomcat].[localhost].[/]       : Initializing Spring DispatcherServlet 'dispatcherServlet'
2025-03-16T17:27:14.380+01:00  INFO 16244 --- [demo] [RMI TCP Connection(3)-10.0.1.184] o.s.web.servlet.DispatcherServlet        : Initializing Servlet 'dispatcherServlet'
2025-03-16T17:27:14.383+01:00  INFO 16244 --- [demo] [RMI TCP Connection(3)-10.0.1.184] o.s.web.servlet.DispatcherServlet        : Completed initialization in 2 ms
2025-03-16T19:06:59.075+01:00  WARN 16244 --- [demo] [HikariPool-1 housekeeper] com.zaxxer.hikari.pool.HikariPool        : HikariPool-1 - Thread starvation or clock leap detected (housekeeper delta=27m17s871ms788µs400ns).
2025-03-16T21:04:22.820+01:00  WARN 16244 --- [demo] [HikariPool-1 housekeeper] com.zaxxer.hikari.pool.HikariPool        : HikariPool-1 - Thread starvation or clock leap detected (housekeeper delta=1h51m23s893ms986µs800ns).
