2025-03-20T14:12:50.832+01:00  INFO 14644 --- [demo] [main] c.w.demo.DemoApplicationTests            : Starting DemoApplicationTests using Java 22.0.1 with PID 14644 (started by mFaltermeier in C:\Users\mFaltermeier\Desktop\mf\WannabeWhatsapp\demo)
2025-03-20T14:12:50.844+01:00  INFO 14644 --- [demo] [main] c.w.demo.DemoApplicationTests            : No active profile set, falling back to 1 default profile: "default"
2025-03-20T14:12:52.417+01:00  INFO 14644 --- [demo] [main] .s.d.r.c.RepositoryConfigurationDelegate : Bootstrapping Spring Data JPA repositories in DEFAULT mode.
2025-03-20T14:12:52.495+01:00  INFO 14644 --- [demo] [main] .s.d.r.c.RepositoryConfigurationDelegate : Finished Spring Data repository scanning in 65 ms. Found 2 JPA repository interfaces.
2025-03-20T14:12:53.746+01:00  INFO 14644 --- [demo] [main] o.hibernate.jpa.internal.util.LogHelper  : HHH000204: Processing PersistenceUnitInfo [name: default]
2025-03-20T14:12:53.869+01:00  INFO 14644 --- [demo] [main] org.hibernate.Version                    : HHH000412: Hibernate ORM core version 6.6.8.Final
2025-03-20T14:12:53.946+01:00  INFO 14644 --- [demo] [main] o.h.c.internal.RegionFactoryInitiator    : HHH000026: Second-level cache disabled
2025-03-20T14:12:54.544+01:00  INFO 14644 --- [demo] [main] o.s.o.j.p.SpringPersistenceUnitInfo      : No LoadTimeWeaver setup: ignoring JPA class transformer
2025-03-20T14:12:54.606+01:00  INFO 14644 --- [demo] [main] com.zaxxer.hikari.HikariDataSource       : HikariPool-1 - Starting...
2025-03-20T14:12:54.881+01:00  INFO 14644 --- [demo] [main] com.zaxxer.hikari.pool.HikariPool        : HikariPool-1 - Added connection org.postgresql.jdbc.PgConnection@56f72909
2025-03-20T14:12:54.884+01:00  INFO 14644 --- [demo] [main] com.zaxxer.hikari.HikariDataSource       : HikariPool-1 - Start completed.
2025-03-20T14:12:54.961+01:00  WARN 14644 --- [demo] [main] org.hibernate.orm.deprecation            : HHH90000025: PostgreSQLDialect does not need to be specified explicitly using 'hibernate.dialect' (remove the property setting and it will be selected by default)
2025-03-20T14:12:54.986+01:00  INFO 14644 --- [demo] [main] org.hibernate.orm.connections.pooling    : HHH10001005: Database info:
	Database JDBC URL [Connecting through datasource 'HikariDataSource (HikariPool-1)']
	Database driver: undefined/unknown
	Database version: 12.16
	Autocommit mode: undefined/unknown
	Isolation level: undefined/unknown
	Minimum pool size: undefined/unknown
	Maximum pool size: undefined/unknown
2025-03-20T14:12:56.258+01:00  INFO 14644 --- [demo] [main] o.h.e.t.j.p.i.JtaPlatformInitiator       : HHH000489: No JTA platform available (set 'hibernate.transaction.jta.platform' to enable JTA platform integration)
2025-03-20T14:12:56.589+01:00  INFO 14644 --- [demo] [main] j.LocalContainerEntityManagerFactoryBean : Initialized JPA EntityManagerFactory for persistence unit 'default'
2025-03-20T14:12:57.361+01:00  WARN 14644 --- [demo] [main] JpaBaseConfiguration$JpaWebConfiguration : spring.jpa.open-in-view is enabled by default. Therefore, database queries may be performed during view rendering. Explicitly configure spring.jpa.open-in-view to disable this warning
2025-03-20T14:12:57.485+01:00  INFO 14644 --- [demo] [main] r$InitializeUserDetailsManagerConfigurer : Global AuthenticationManager configured with UserDetailsService bean with name inMemoryUserDetailsManager
2025-03-20T14:12:58.436+01:00  INFO 14644 --- [demo] [main] o.s.b.a.e.web.EndpointLinksResolver      : Exposing 1 endpoint beneath base path '/actuator'
2025-03-20T14:12:59.476+01:00  INFO 14644 --- [demo] [main] c.w.demo.DemoApplicationTests            : Started DemoApplicationTests in 9.256 seconds (process running for 11.258)
2025-03-20T14:13:00.314+01:00  INFO 14644 --- [demo] [SpringApplicationShutdownHook] j.LocalContainerEntityManagerFactoryBean : Closing JPA EntityManagerFactory for persistence unit 'default'
2025-03-20T14:13:00.317+01:00  INFO 14644 --- [demo] [SpringApplicationShutdownHook] com.zaxxer.hikari.HikariDataSource       : HikariPool-1 - Shutdown initiated...
2025-03-20T14:13:00.327+01:00  INFO 14644 --- [demo] [SpringApplicationShutdownHook] com.zaxxer.hikari.HikariDataSource       : HikariPool-1 - Shutdown completed.
2025-03-20 14:30:41 - INFO - [main] c.w.demo.DemoApplicationTests - Starting DemoApplicationTests using Java 22.0.1 with PID 2756 (started by mFaltermeier in C:\Users\mFaltermeier\Desktop\mf\WannabeWhatsapp\demo)
2025-03-20 14:30:41 - DEBUG - [main] c.w.demo.DemoApplicationTests - Running with Spring Boot v3.4.3, Spring v6.2.3
2025-03-20 14:30:41 - INFO - [main] c.w.demo.DemoApplicationTests - No active profile set, falling back to 1 default profile: "default"
2025-03-20 14:30:43 - INFO - [main] o.s.d.r.c.RepositoryConfigurationDelegate - Bootstrapping Spring Data JPA repositories in DEFAULT mode.
2025-03-20 14:30:43 - INFO - [main] o.s.d.r.c.RepositoryConfigurationDelegate - Finished Spring Data repository scanning in 60 ms. Found 2 JPA repository interfaces.
2025-03-20 14:30:44 - INFO - [main] o.h.jpa.internal.util.LogHelper - HHH000204: Processing PersistenceUnitInfo [name: default]
2025-03-20 14:30:44 - INFO - [main] org.hibernate.Version - HHH000412: Hibernate ORM core version 6.6.8.Final
2025-03-20 14:30:44 - INFO - [main] o.h.c.i.RegionFactoryInitiator - HHH000026: Second-level cache disabled
2025-03-20 14:30:44 - INFO - [main] o.s.o.j.p.SpringPersistenceUnitInfo - No LoadTimeWeaver setup: ignoring JPA class transformer
2025-03-20 14:30:44 - INFO - [main] com.zaxxer.hikari.HikariDataSource - HikariPool-1 - Starting...
2025-03-20 14:30:45 - INFO - [main] com.zaxxer.hikari.pool.HikariPool - HikariPool-1 - Added connection org.postgresql.jdbc.PgConnection@10cb050
2025-03-20 14:30:45 - INFO - [main] com.zaxxer.hikari.HikariDataSource - HikariPool-1 - Start completed.
2025-03-20 14:30:45 - WARN - [main] org.hibernate.orm.deprecation - HHH90000025: PostgreSQLDialect does not need to be specified explicitly using 'hibernate.dialect' (remove the property setting and it will be selected by default)
2025-03-20 14:30:45 - INFO - [main] o.hibernate.orm.connections.pooling - HHH10001005: Database info:
	Database JDBC URL [Connecting through datasource 'HikariDataSource (HikariPool-1)']
	Database driver: undefined/unknown
	Database version: 12.16
	Autocommit mode: undefined/unknown
	Isolation level: undefined/unknown
	Minimum pool size: undefined/unknown
	Maximum pool size: undefined/unknown
2025-03-20 14:30:46 - INFO - [main] o.h.e.t.j.p.i.JtaPlatformInitiator - HHH000489: No JTA platform available (set 'hibernate.transaction.jta.platform' to enable JTA platform integration)
2025-03-20 14:30:46 - INFO - [main] o.s.o.j.LocalContainerEntityManagerFactoryBean - Initialized JPA EntityManagerFactory for persistence unit 'default'
2025-03-20 14:30:47 - WARN - [main] o.s.b.a.o.j.JpaBaseConfiguration$JpaWebConfiguration - spring.jpa.open-in-view is enabled by default. Therefore, database queries may be performed during view rendering. Explicitly configure spring.jpa.open-in-view to disable this warning
2025-03-20 14:30:47 - INFO - [main] o.s.s.c.a.a.c.InitializeUserDetailsBeanManagerConfigurer$InitializeUserDetailsManagerConfigurer - Global AuthenticationManager configured with UserDetailsService bean with name inMemoryUserDetailsManager
2025-03-20 14:30:47 - INFO - [main] o.s.b.a.e.web.EndpointLinksResolver - Exposing 1 endpoint beneath base path '/actuator'
2025-03-20 14:30:48 - INFO - [main] c.w.demo.DemoApplicationTests - Started DemoApplicationTests in 7.705 seconds (process running for 9.489)
2025-03-20 14:30:49 - INFO - [SpringApplicationShutdownHook] o.s.o.j.LocalContainerEntityManagerFactoryBean - Closing JPA EntityManagerFactory for persistence unit 'default'
2025-03-20 14:30:49 - INFO - [SpringApplicationShutdownHook] com.zaxxer.hikari.HikariDataSource - HikariPool-1 - Shutdown initiated...
2025-03-20 14:30:49 - INFO - [SpringApplicationShutdownHook] com.zaxxer.hikari.HikariDataSource - HikariPool-1 - Shutdown completed.
